{"C:/Users/Rushikesh/Workspace/React/Sogeti/movie-app-ts/src/App.tsx": {"path":"C:/Users/Rushikesh/Workspace/React/Sogeti/movie-app-ts/src/App.tsx","statementMap":{},"fnMap":{"0":{"name":"App","decl":{"start":{"line":10,"column":9},"end":{"line":10,"column":null}},"loc":{"start":{"line":10,"column":9},"end":{"line":24,"column":null}}}},"branchMap":{},"s":{},"f":{"0":1},"b":{}}
,"C:/Users/Rushikesh/Workspace/React/Sogeti/movie-app-ts/src/components/Card/Card.tsx": {"path":"C:/Users/Rushikesh/Workspace/React/Sogeti/movie-app-ts/src/components/Card/Card.tsx","statementMap":{"0":{"start":{"line":15,"column":37},"end":{"line":40,"column":1}}},"fnMap":{"0":{"name":"(anonymous_0)","decl":{"start":{"line":15,"column":37},"end":{"line":15,"column":38}},"loc":{"start":{"line":21,"column":1},"end":{"line":40,"column":1}}}},"branchMap":{"0":{"loc":{"start":{"line":27,"column":12},"end":{"line":29,"column":null}},"type":"cond-expr","locations":[{"start":{"line":28,"column":16},"end":{"line":28,"column":null}},{"start":{"line":29,"column":16},"end":{"line":29,"column":null}}]}},"s":{"0":3},"f":{"0":1},"b":{"0":[1,0]}}
,"C:/Users/Rushikesh/Workspace/React/Sogeti/movie-app-ts/src/components/Featured/Featured.tsx": {"path":"C:/Users/Rushikesh/Workspace/React/Sogeti/movie-app-ts/src/components/Featured/Featured.tsx","statementMap":{"0":{"start":{"line":7,"column":34},"end":{"line":32,"column":1}},"1":{"start":{"line":8,"column":29},"end":{"line":8,"column":null}}},"fnMap":{"0":{"name":"(anonymous_0)","decl":{"start":{"line":7,"column":34},"end":{"line":7,"column":null}},"loc":{"start":{"line":7,"column":34},"end":{"line":32,"column":1}}}},"branchMap":{"0":{"loc":{"start":{"line":13,"column":9},"end":{"line":13,"column":27}},"type":"binary-expr","locations":[{"start":{"line":13,"column":9},"end":{"line":13,"column":27}}]}},"s":{"0":2,"1":2},"f":{"0":2},"b":{"0":[2]}}
,"C:/Users/Rushikesh/Workspace/React/Sogeti/movie-app-ts/src/components/Home/Home.tsx": {"path":"C:/Users/Rushikesh/Workspace/React/Sogeti/movie-app-ts/src/components/Home/Home.tsx","statementMap":{"0":{"start":{"line":10,"column":30},"end":{"line":73,"column":1}},"1":{"start":{"line":11,"column":47},"end":{"line":11,"column":null}},"2":{"start":{"line":12,"column":40},"end":{"line":12,"column":null}},"3":{"start":{"line":13,"column":54},"end":{"line":13,"column":null}},"4":{"start":{"line":14,"column":51},"end":{"line":14,"column":null}},"5":{"start":{"line":16,"column":23},"end":{"line":23,"column":null}},"6":{"start":{"line":17,"column":4},"end":{"line":19,"column":null}},"7":{"start":{"line":18,"column":6},"end":{"line":18,"column":null}},"8":{"start":{"line":20,"column":19},"end":{"line":20,"column":null}},"9":{"start":{"line":21,"column":4},"end":{"line":21,"column":null}},"10":{"start":{"line":22,"column":4},"end":{"line":22,"column":null}},"11":{"start":{"line":25,"column":24},"end":{"line":29,"column":null}},"12":{"start":{"line":26,"column":4},"end":{"line":28,"column":null}},"13":{"start":{"line":27,"column":6},"end":{"line":27,"column":null}},"14":{"start":{"line":37,"column":31},"end":{"line":37,"column":null}},"15":{"start":{"line":38,"column":32},"end":{"line":38,"column":null}}},"fnMap":{"0":{"name":"(anonymous_0)","decl":{"start":{"line":10,"column":30},"end":{"line":10,"column":null}},"loc":{"start":{"line":10,"column":30},"end":{"line":73,"column":1}}},"1":{"name":"(anonymous_1)","decl":{"start":{"line":16,"column":23},"end":{"line":16,"column":null}},"loc":{"start":{"line":16,"column":23},"end":{"line":23,"column":null}}},"2":{"name":"(anonymous_2)","decl":{"start":{"line":25,"column":24},"end":{"line":25,"column":31}},"loc":{"start":{"line":25,"column":31},"end":{"line":29,"column":null}}},"3":{"name":"(anonymous_3)","decl":{"start":{"line":37,"column":24},"end":{"line":37,"column":25}},"loc":{"start":{"line":37,"column":31},"end":{"line":37,"column":null}}},"4":{"name":"(anonymous_4)","decl":{"start":{"line":38,"column":25},"end":{"line":38,"column":26}},"loc":{"start":{"line":38,"column":32},"end":{"line":38,"column":null}}}},"branchMap":{"0":{"loc":{"start":{"line":17,"column":4},"end":{"line":19,"column":null}},"type":"if","locations":[{"start":{"line":17,"column":4},"end":{"line":19,"column":null}},{"start":{"line":17,"column":4},"end":{"line":19,"column":null}}]},"1":{"loc":{"start":{"line":26,"column":4},"end":{"line":28,"column":null}},"type":"if","locations":[{"start":{"line":26,"column":4},"end":{"line":28,"column":null}},{"start":{"line":26,"column":4},"end":{"line":28,"column":null}}]},"2":{"loc":{"start":{"line":26,"column":8},"end":{"line":26,"column":42}},"type":"binary-expr","locations":[{"start":{"line":26,"column":8},"end":{"line":26,"column":29}},{"start":{"line":26,"column":29},"end":{"line":26,"column":42}}]},"3":{"loc":{"start":{"line":43,"column":18},"end":{"line":44,"column":19}},"type":"cond-expr","locations":[{"start":{"line":43,"column":18},"end":{"line":44,"column":19}}]},"4":{"loc":{"start":{"line":42,"column":16},"end":{"line":42,"column":null}},"type":"binary-expr","locations":[{"start":{"line":42,"column":16},"end":{"line":42,"column":31}},{"start":{"line":42,"column":31},"end":{"line":42,"column":null}}]},"5":{"loc":{"start":{"line":51,"column":9},"end":{"line":51,"column":29}},"type":"binary-expr","locations":[{"start":{"line":51,"column":9},"end":{"line":51,"column":29}},{"start":{"line":51,"column":29},"end":{"line":51,"column":54}}]}},"s":{"0":2,"1":5,"2":5,"3":5,"4":5,"5":5,"6":0,"7":0,"8":0,"9":0,"10":0,"11":5,"12":0,"13":0,"14":1,"15":0},"f":{"0":5,"1":0,"2":0,"3":1,"4":0},"b":{"0":[0,0],"1":[0,0],"2":[0,0],"3":[0],"4":[5,1],"5":[5,0]}}
,"C:/Users/Rushikesh/Workspace/React/Sogeti/movie-app-ts/src/components/MovieInfo/MovieInfo.tsx": {"path":"C:/Users/Rushikesh/Workspace/React/Sogeti/movie-app-ts/src/components/MovieInfo/MovieInfo.tsx","statementMap":{"0":{"start":{"line":10,"column":44},"end":{"line":69,"column":1}},"1":{"start":{"line":11,"column":17},"end":{"line":11,"column":null}},"2":{"start":{"line":12,"column":47},"end":{"line":12,"column":null}},"3":{"start":{"line":13,"column":28},"end":{"line":13,"column":null}},"4":{"start":{"line":15,"column":2},"end":{"line":24,"column":null}},"5":{"start":{"line":16,"column":21},"end":{"line":19,"column":null}},"6":{"start":{"line":17,"column":20},"end":{"line":17,"column":null}},"7":{"start":{"line":18,"column":6},"end":{"line":18,"column":null}},"8":{"start":{"line":20,"column":4},"end":{"line":22,"column":null}},"9":{"start":{"line":21,"column":6},"end":{"line":21,"column":null}},"10":{"start":{"line":23,"column":4},"end":{"line":23,"column":null}}},"fnMap":{"0":{"name":"(anonymous_0)","decl":{"start":{"line":10,"column":44},"end":{"line":10,"column":null}},"loc":{"start":{"line":10,"column":44},"end":{"line":69,"column":1}}},"1":{"name":"(anonymous_1)","decl":{"start":{"line":15,"column":12},"end":{"line":15,"column":null}},"loc":{"start":{"line":15,"column":12},"end":{"line":24,"column":5}}},"2":{"name":"(anonymous_2)","decl":{"start":{"line":16,"column":21},"end":{"line":16,"column":28}},"loc":{"start":{"line":16,"column":28},"end":{"line":19,"column":null}}}},"branchMap":{"0":{"loc":{"start":{"line":20,"column":4},"end":{"line":22,"column":null}},"type":"if","locations":[{"start":{"line":20,"column":4},"end":{"line":22,"column":null}},{"start":{"line":20,"column":4},"end":{"line":22,"column":null}}]},"1":{"loc":{"start":{"line":29,"column":9},"end":{"line":29,"column":null}},"type":"binary-expr","locations":[{"start":{"line":29,"column":9},"end":{"line":29,"column":null}}]},"2":{"loc":{"start":{"line":37,"column":18},"end":{"line":39,"column":null}},"type":"cond-expr","locations":[{"start":{"line":38,"column":20},"end":{"line":38,"column":32}},{"start":{"line":39,"column":20},"end":{"line":39,"column":null}}]}},"s":{"0":2,"1":1,"2":1,"3":1,"4":1,"5":1,"6":0,"7":0,"8":1,"9":1,"10":0},"f":{"0":1,"1":1,"2":0},"b":{"0":[1,0],"1":[1],"2":[0,0]}}
,"C:/Users/Rushikesh/Workspace/React/Sogeti/movie-app-ts/src/components/NotFound/NotFound.tsx": {"path":"C:/Users/Rushikesh/Workspace/React/Sogeti/movie-app-ts/src/components/NotFound/NotFound.tsx","statementMap":{"0":{"start":{"line":4,"column":34},"end":{"line":10,"column":1}}},"fnMap":{"0":{"name":"(anonymous_0)","decl":{"start":{"line":4,"column":34},"end":{"line":4,"column":null}},"loc":{"start":{"line":4,"column":34},"end":{"line":10,"column":1}}}},"branchMap":{},"s":{"0":1},"f":{"0":0},"b":{}}
,"C:/Users/Rushikesh/Workspace/React/Sogeti/movie-app-ts/src/components/ReadMore/ReadMore.tsx": {"path":"C:/Users/Rushikesh/Workspace/React/Sogeti/movie-app-ts/src/components/ReadMore/ReadMore.tsx","statementMap":{"0":{"start":{"line":8,"column":60},"end":{"line":31,"column":1}},"1":{"start":{"line":12,"column":38},"end":{"line":12,"column":null}},"2":{"start":{"line":13,"column":24},"end":{"line":13,"column":null}},"3":{"start":{"line":15,"column":25},"end":{"line":17,"column":null}},"4":{"start":{"line":16,"column":4},"end":{"line":16,"column":null}},"5":{"start":{"line":19,"column":2},"end":{"line":21,"column":null}},"6":{"start":{"line":20,"column":4},"end":{"line":20,"column":null}}},"fnMap":{"0":{"name":"(anonymous_0)","decl":{"start":{"line":8,"column":60},"end":{"line":8,"column":61}},"loc":{"start":{"line":11,"column":1},"end":{"line":31,"column":1}}},"1":{"name":"(anonymous_1)","decl":{"start":{"line":15,"column":25},"end":{"line":15,"column":null}},"loc":{"start":{"line":15,"column":25},"end":{"line":17,"column":null}}}},"branchMap":{"0":{"loc":{"start":{"line":9,"column":2},"end":{"line":9,"column":13}},"type":"default-arg","locations":[{"start":{"line":9,"column":10},"end":{"line":9,"column":13}}]},"1":{"loc":{"start":{"line":19,"column":2},"end":{"line":21,"column":null}},"type":"if","locations":[{"start":{"line":19,"column":2},"end":{"line":21,"column":null}},{"start":{"line":19,"column":2},"end":{"line":21,"column":null}}]},"2":{"loc":{"start":{"line":19,"column":6},"end":{"line":19,"column":108}},"type":"binary-expr","locations":[{"start":{"line":19,"column":6},"end":{"line":19,"column":25}},{"start":{"line":19,"column":25},"end":{"line":19,"column":42}},{"start":{"line":19,"column":42},"end":{"line":19,"column":66}},{"start":{"line":19,"column":66},"end":{"line":19,"column":83}},{"start":{"line":19,"column":83},"end":{"line":19,"column":108}}]},"3":{"loc":{"start":{"line":25,"column":7},"end":{"line":25,"column":null}},"type":"cond-expr","locations":[{"start":{"line":25,"column":20},"end":{"line":25,"column":47}},{"start":{"line":25,"column":47},"end":{"line":25,"column":null}}]},"4":{"loc":{"start":{"line":27,"column":9},"end":{"line":27,"column":null}},"type":"cond-expr","locations":[{"start":{"line":27,"column":22},"end":{"line":27,"column":39}},{"start":{"line":27,"column":39},"end":{"line":27,"column":null}}]}},"s":{"0":4,"1":3,"2":3,"3":3,"4":1,"5":3,"6":0},"f":{"0":3,"1":1},"b":{"0":[3],"1":[0,3],"2":[3,3,3,3,3],"3":[2,1],"4":[2,1]}}
,"C:/Users/Rushikesh/Workspace/React/Sogeti/movie-app-ts/src/components/StateHandler/StateHandler.tsx": {"path":"C:/Users/Rushikesh/Workspace/React/Sogeti/movie-app-ts/src/components/StateHandler/StateHandler.tsx","statementMap":{"0":{"start":{"line":11,"column":64},"end":{"line":33,"column":1}},"1":{"start":{"line":16,"column":2},"end":{"line":22,"column":null}},"2":{"start":{"line":24,"column":2},"end":{"line":30,"column":null}},"3":{"start":{"line":32,"column":2},"end":{"line":32,"column":null}}},"fnMap":{"0":{"name":"(anonymous_0)","decl":{"start":{"line":11,"column":64},"end":{"line":11,"column":65}},"loc":{"start":{"line":15,"column":1},"end":{"line":33,"column":1}}}},"branchMap":{"0":{"loc":{"start":{"line":16,"column":2},"end":{"line":22,"column":null}},"type":"if","locations":[{"start":{"line":16,"column":2},"end":{"line":22,"column":null}},{"start":{"line":16,"column":2},"end":{"line":22,"column":null}}]},"1":{"loc":{"start":{"line":24,"column":2},"end":{"line":30,"column":null}},"type":"if","locations":[{"start":{"line":24,"column":2},"end":{"line":30,"column":null}},{"start":{"line":24,"column":2},"end":{"line":30,"column":null}}]}},"s":{"0":3,"1":5,"2":4,"3":4},"f":{"0":5},"b":{"0":[1,4],"1":[0,4]}}
,"C:/Users/Rushikesh/Workspace/React/Sogeti/movie-app-ts/src/components/layout/Footer/Footer.tsx": {"path":"C:/Users/Rushikesh/Workspace/React/Sogeti/movie-app-ts/src/components/layout/Footer/Footer.tsx","statementMap":{"0":{"start":{"line":4,"column":32},"end":{"line":6,"column":1}}},"fnMap":{"0":{"name":"(anonymous_0)","decl":{"start":{"line":4,"column":32},"end":{"line":4,"column":null}},"loc":{"start":{"line":4,"column":32},"end":{"line":6,"column":1}}}},"branchMap":{},"s":{"0":1},"f":{"0":1},"b":{}}
,"C:/Users/Rushikesh/Workspace/React/Sogeti/movie-app-ts/src/components/layout/FullLayout/FullLayout.tsx": {"path":"C:/Users/Rushikesh/Workspace/React/Sogeti/movie-app-ts/src/components/layout/FullLayout/FullLayout.tsx","statementMap":{"0":{"start":{"line":7,"column":36},"end":{"line":21,"column":1}}},"fnMap":{"0":{"name":"(anonymous_0)","decl":{"start":{"line":7,"column":36},"end":{"line":7,"column":null}},"loc":{"start":{"line":7,"column":36},"end":{"line":21,"column":1}}}},"branchMap":{},"s":{"0":1},"f":{"0":1},"b":{}}
,"C:/Users/Rushikesh/Workspace/React/Sogeti/movie-app-ts/src/components/layout/Header/Header.tsx": {"path":"C:/Users/Rushikesh/Workspace/React/Sogeti/movie-app-ts/src/components/layout/Header/Header.tsx","statementMap":{"0":{"start":{"line":6,"column":32},"end":{"line":16,"column":1}}},"fnMap":{"0":{"name":"(anonymous_0)","decl":{"start":{"line":6,"column":32},"end":{"line":6,"column":null}},"loc":{"start":{"line":6,"column":32},"end":{"line":16,"column":1}}}},"branchMap":{},"s":{"0":1},"f":{"0":1},"b":{}}
,"C:/Users/Rushikesh/Workspace/React/Sogeti/movie-app-ts/src/provider/OmdbProvider/OmdbProvider.tsx": {"path":"C:/Users/Rushikesh/Workspace/React/Sogeti/movie-app-ts/src/provider/OmdbProvider/OmdbProvider.tsx","statementMap":{"0":{"start":{"line":12,"column":45},"end":{"line":88,"column":2}},"1":{"start":{"line":13,"column":34},"end":{"line":13,"column":null}},"2":{"start":{"line":14,"column":30},"end":{"line":14,"column":null}},"3":{"start":{"line":15,"column":46},"end":{"line":15,"column":null}},"4":{"start":{"line":17,"column":28},"end":{"line":38,"column":null}},"5":{"start":{"line":18,"column":4},"end":{"line":18,"column":null}},"6":{"start":{"line":19,"column":4},"end":{"line":19,"column":null}},"7":{"start":{"line":20,"column":4},"end":{"line":37,"column":null}},"8":{"start":{"line":21,"column":36},"end":{"line":21,"column":null}},"9":{"start":{"line":23,"column":6},"end":{"line":23,"column":null}},"10":{"start":{"line":24,"column":6},"end":{"line":24,"column":null}},"11":{"start":{"line":25,"column":6},"end":{"line":36,"column":null}},"12":{"start":{"line":26,"column":8},"end":{"line":29,"column":null}},"13":{"start":{"line":27,"column":10},"end":{"line":27,"column":null}},"14":{"start":{"line":28,"column":10},"end":{"line":28,"column":null}},"15":{"start":{"line":30,"column":8},"end":{"line":35,"column":null}},"16":{"start":{"line":31,"column":10},"end":{"line":31,"column":null}},"17":{"start":{"line":31,"column":57},"end":{"line":31,"column":null}},"18":{"start":{"line":32,"column":25},"end":{"line":32,"column":null}},"19":{"start":{"line":32,"column":59},"end":{"line":32,"column":82}},"20":{"start":{"line":33,"column":10},"end":{"line":33,"column":null}},"21":{"start":{"line":33,"column":22},"end":{"line":33,"column":null}},"22":{"start":{"line":34,"column":10},"end":{"line":34,"column":null}},"23":{"start":{"line":40,"column":23},"end":{"line":50,"column":null}},"24":{"start":{"line":41,"column":4},"end":{"line":41,"column":null}},"25":{"start":{"line":42,"column":4},"end":{"line":42,"column":null}},"26":{"start":{"line":43,"column":27},"end":{"line":43,"column":null}},"27":{"start":{"line":44,"column":4},"end":{"line":44,"column":null}},"28":{"start":{"line":45,"column":4},"end":{"line":48,"column":null}},"29":{"start":{"line":46,"column":6},"end":{"line":46,"column":null}},"30":{"start":{"line":46,"column":21},"end":{"line":46,"column":null}},"31":{"start":{"line":47,"column":6},"end":{"line":47,"column":null}},"32":{"start":{"line":49,"column":4},"end":{"line":49,"column":null}},"33":{"start":{"line":52,"column":23},"end":{"line":63,"column":null}},"34":{"start":{"line":54,"column":6},"end":{"line":54,"column":null}},"35":{"start":{"line":55,"column":6},"end":{"line":55,"column":null}},"36":{"start":{"line":56,"column":29},"end":{"line":56,"column":null}},"37":{"start":{"line":57,"column":6},"end":{"line":57,"column":null}},"38":{"start":{"line":58,"column":6},"end":{"line":61,"column":null}},"39":{"start":{"line":59,"column":8},"end":{"line":59,"column":null}},"40":{"start":{"line":60,"column":8},"end":{"line":60,"column":null}},"41":{"start":{"line":62,"column":6},"end":{"line":62,"column":null}},"42":{"start":{"line":68,"column":2},"end":{"line":70,"column":null}},"43":{"start":{"line":69,"column":4},"end":{"line":69,"column":null}},"44":{"start":{"line":72,"column":22},"end":{"line":80,"column":null}},"45":{"start":{"line":73,"column":11},"end":{"line":79,"column":null}},"46":{"start":{"line":91,"column":23},"end":{"line":91,"column":53}},"47":{"start":{"line":91,"column":29},"end":{"line":91,"column":53}}},"fnMap":{"0":{"name":"(anonymous_0)","decl":{"start":{"line":12,"column":45},"end":{"line":12,"column":46}},"loc":{"start":{"line":12,"column":58},"end":{"line":88,"column":2}}},"1":{"name":"(anonymous_1)","decl":{"start":{"line":17,"column":40},"end":{"line":17,"column":null}},"loc":{"start":{"line":17,"column":40},"end":{"line":38,"column":5}}},"2":{"name":"(anonymous_2)","decl":{"start":{"line":21,"column":28},"end":{"line":21,"column":29}},"loc":{"start":{"line":21,"column":36},"end":{"line":21,"column":null}}},"3":{"name":"(anonymous_3)","decl":{"start":{"line":22,"column":11},"end":{"line":22,"column":12}},"loc":{"start":{"line":22,"column":23},"end":{"line":37,"column":null}}},"4":{"name":"(anonymous_4)","decl":{"start":{"line":25,"column":21},"end":{"line":25,"column":22}},"loc":{"start":{"line":25,"column":22},"end":{"line":36,"column":null}}},"5":{"name":"(anonymous_5)","decl":{"start":{"line":30,"column":26},"end":{"line":30,"column":27}},"loc":{"start":{"line":30,"column":27},"end":{"line":35,"column":null}}},"6":{"name":"(anonymous_6)","decl":{"start":{"line":32,"column":45},"end":{"line":32,"column":46}},"loc":{"start":{"line":32,"column":59},"end":{"line":32,"column":82}}},"7":{"name":"(anonymous_7)","decl":{"start":{"line":40,"column":35},"end":{"line":40,"column":42}},"loc":{"start":{"line":40,"column":42},"end":{"line":50,"column":5}}},"8":{"name":"(anonymous_8)","decl":{"start":{"line":46,"column":15},"end":{"line":46,"column":21}},"loc":{"start":{"line":46,"column":21},"end":{"line":46,"column":null}}},"9":{"name":"(anonymous_9)","decl":{"start":{"line":52,"column":35},"end":{"line":52,"column":null}},"loc":{"start":{"line":53,"column":4},"end":{"line":63,"column":7}}},"10":{"name":"(anonymous_10)","decl":{"start":{"line":68,"column":12},"end":{"line":68,"column":null}},"loc":{"start":{"line":68,"column":12},"end":{"line":70,"column":5}}},"11":{"name":"(anonymous_11)","decl":{"start":{"line":73,"column":4},"end":{"line":73,"column":11}},"loc":{"start":{"line":73,"column":11},"end":{"line":79,"column":null}}},"12":{"name":"(anonymous_12)","decl":{"start":{"line":91,"column":23},"end":{"line":91,"column":29}},"loc":{"start":{"line":91,"column":29},"end":{"line":91,"column":53}}}},"branchMap":{"0":{"loc":{"start":{"line":26,"column":8},"end":{"line":29,"column":null}},"type":"if","locations":[{"start":{"line":26,"column":8},"end":{"line":29,"column":null}},{"start":{"line":26,"column":8},"end":{"line":29,"column":null}}]},"1":{"loc":{"start":{"line":31,"column":10},"end":{"line":31,"column":null}},"type":"if","locations":[{"start":{"line":31,"column":10},"end":{"line":31,"column":null}},{"start":{"line":31,"column":10},"end":{"line":31,"column":null}}]},"2":{"loc":{"start":{"line":31,"column":14},"end":{"line":31,"column":55}},"type":"binary-expr","locations":[{"start":{"line":31,"column":14},"end":{"line":31,"column":33}},{"start":{"line":31,"column":33},"end":{"line":31,"column":55}}]},"3":{"loc":{"start":{"line":33,"column":10},"end":{"line":33,"column":null}},"type":"if","locations":[{"start":{"line":33,"column":10},"end":{"line":33,"column":null}},{"start":{"line":33,"column":10},"end":{"line":33,"column":null}}]},"4":{"loc":{"start":{"line":45,"column":4},"end":{"line":48,"column":null}},"type":"if","locations":[{"start":{"line":45,"column":4},"end":{"line":48,"column":null}},{"start":{"line":45,"column":4},"end":{"line":48,"column":null}}]},"5":{"loc":{"start":{"line":58,"column":6},"end":{"line":61,"column":null}},"type":"if","locations":[{"start":{"line":58,"column":6},"end":{"line":61,"column":null}},{"start":{"line":58,"column":6},"end":{"line":61,"column":null}}]}},"s":{"0":4,"1":26,"2":26,"3":26,"4":26,"5":7,"6":7,"7":7,"8":14,"9":6,"10":6,"11":6,"12":12,"13":6,"14":6,"15":6,"16":6,"17":3,"18":3,"19":3,"20":3,"21":3,"22":0,"23":26,"24":2,"25":2,"26":2,"27":2,"28":2,"29":1,"30":1,"31":1,"32":1,"33":26,"34":2,"35":2,"36":2,"37":2,"38":2,"39":1,"40":1,"41":1,"42":26,"43":7,"44":26,"45":20,"46":4,"47":28},"f":{"0":26,"1":7,"2":14,"3":6,"4":12,"5":6,"6":3,"7":2,"8":1,"9":2,"10":7,"11":20,"12":28},"b":{"0":[6,6],"1":[3,3],"2":[6,3],"3":[3,0],"4":[1,1],"5":[1,1]}}
,"C:/Users/Rushikesh/Workspace/React/Sogeti/movie-app-ts/src/provider/OmdbProvider/context/OmdbContext.ts": {"path":"C:/Users/Rushikesh/Workspace/React/Sogeti/movie-app-ts/src/provider/OmdbProvider/context/OmdbContext.ts","statementMap":{"0":{"start":{"line":13,"column":27},"end":{"line":23,"column":3}},"1":{"start":{"line":16,"column":4},"end":{"line":16,"column":null}},"2":{"start":{"line":19,"column":4},"end":{"line":19,"column":null}}},"fnMap":{"0":{"name":"(anonymous_0)","decl":{"start":{"line":15,"column":16},"end":{"line":15,"column":null}},"loc":{"start":{"line":15,"column":16},"end":{"line":17,"column":null}}},"1":{"name":"(anonymous_1)","decl":{"start":{"line":18,"column":16},"end":{"line":18,"column":null}},"loc":{"start":{"line":18,"column":16},"end":{"line":20,"column":null}}}},"branchMap":{},"s":{"0":4,"1":0,"2":0},"f":{"0":0,"1":0},"b":{}}
,"C:/Users/Rushikesh/Workspace/React/Sogeti/movie-app-ts/src/service/OmdbService.ts": {"path":"C:/Users/Rushikesh/Workspace/React/Sogeti/movie-app-ts/src/service/OmdbService.ts","statementMap":{"0":{"start":{"line":7,"column":19},"end":{"line":7,"column":49}},"1":{"start":{"line":9,"column":35},"end":{"line":26,"column":2}},"2":{"start":{"line":12,"column":2},"end":{"line":25,"column":null}},"3":{"start":{"line":13,"column":21},"end":{"line":18,"column":null}},"4":{"start":{"line":19,"column":4},"end":{"line":21,"column":null}},"5":{"start":{"line":20,"column":6},"end":{"line":20,"column":null}},"6":{"start":{"line":22,"column":4},"end":{"line":22,"column":null}},"7":{"start":{"line":24,"column":4},"end":{"line":24,"column":null}},"8":{"start":{"line":28,"column":31},"end":{"line":44,"column":2}},"9":{"start":{"line":32,"column":2},"end":{"line":43,"column":null}},"10":{"start":{"line":33,"column":21},"end":{"line":39,"column":null}},"11":{"start":{"line":40,"column":4},"end":{"line":40,"column":null}},"12":{"start":{"line":42,"column":4},"end":{"line":42,"column":null}}},"fnMap":{"0":{"name":"(anonymous_0)","decl":{"start":{"line":9,"column":35},"end":{"line":9,"column":null}},"loc":{"start":{"line":10,"column":2},"end":{"line":26,"column":2}}},"1":{"name":"(anonymous_1)","decl":{"start":{"line":28,"column":31},"end":{"line":28,"column":null}},"loc":{"start":{"line":30,"column":21},"end":{"line":44,"column":2}}}},"branchMap":{"0":{"loc":{"start":{"line":19,"column":4},"end":{"line":21,"column":null}},"type":"if","locations":[{"start":{"line":19,"column":4},"end":{"line":21,"column":null}},{"start":{"line":19,"column":4},"end":{"line":21,"column":null}}]},"1":{"loc":{"start":{"line":30,"column":2},"end":{"line":30,"column":21}},"type":"default-arg","locations":[{"start":{"line":30,"column":15},"end":{"line":30,"column":21}}]}},"s":{"0":5,"1":5,"2":2,"3":2,"4":2,"5":0,"6":2,"7":0,"8":5,"9":4,"10":4,"11":2,"12":0},"f":{"0":2,"1":4},"b":{"0":[0,2],"1":[4]}}
,"C:/Users/Rushikesh/Workspace/React/Sogeti/movie-app-ts/src/type/Path.ts": {"path":"C:/Users/Rushikesh/Workspace/React/Sogeti/movie-app-ts/src/type/Path.ts","statementMap":{"0":{"start":{"line":1,"column":12},"end":{"line":1,"column":16}},"1":{"start":{"line":1,"column":12},"end":{"line":2,"column":null}},"2":{"start":{"line":1,"column":12},"end":{"line":3,"column":null}},"3":{"start":{"line":1,"column":12},"end":{"line":4,"column":null}}},"fnMap":{"0":{"name":"(anonymous_0)","decl":{"start":{"line":1,"column":12},"end":{"line":1,"column":16}},"loc":{"start":{"line":1,"column":16},"end":{"line":1,"column":11}}}},"branchMap":{"0":{"loc":{"start":{"line":1,"column":12},"end":{"line":1,"column":16}},"type":"binary-expr","locations":[{"start":{"line":1,"column":12},"end":{"line":1,"column":16}},{"start":{"line":1,"column":12},"end":{"line":1,"column":16}}]}},"s":{"0":3,"1":3,"2":3,"3":3},"f":{"0":3},"b":{"0":[3,3]}}
,"C:/Users/Rushikesh/Workspace/React/Sogeti/movie-app-ts/src/type/ServerError.ts": {"path":"C:/Users/Rushikesh/Workspace/React/Sogeti/movie-app-ts/src/type/ServerError.ts","statementMap":{"0":{"start":{"line":3,"column":29},"end":{"line":5,"column":2}},"1":{"start":{"line":4,"column":2},"end":{"line":4,"column":null}}},"fnMap":{"0":{"name":"(anonymous_0)","decl":{"start":{"line":3,"column":29},"end":{"line":3,"column":30}},"loc":{"start":{"line":3,"column":30},"end":{"line":5,"column":2}}}},"branchMap":{},"s":{"0":5,"1":2},"f":{"0":2},"b":{}}
,"C:/Users/Rushikesh/Workspace/React/Sogeti/movie-app-ts/src/utils/config.ts": {"path":"C:/Users/Rushikesh/Workspace/React/Sogeti/movie-app-ts/src/utils/config.ts","statementMap":{"0":{"start":{"line":1,"column":28},"end":{"line":1,"column":66}},"1":{"start":{"line":3,"column":12},"end":{"line":12,"column":null}},"2":{"start":{"line":14,"column":30},"end":{"line":14,"column":73}}},"fnMap":{},"branchMap":{"0":{"loc":{"start":{"line":14,"column":30},"end":{"line":14,"column":73}},"type":"cond-expr","locations":[{"start":{"line":14,"column":45},"end":{"line":14,"column":59}},{"start":{"line":14,"column":62},"end":{"line":14,"column":73}}]}},"s":{"0":5,"1":5,"2":5},"f":{},"b":{"0":[0,5]}}
,"C:/Users/Rushikesh/Workspace/React/Sogeti/movie-app-ts/src/utils/constants.ts": {"path":"C:/Users/Rushikesh/Workspace/React/Sogeti/movie-app-ts/src/utils/constants.ts","statementMap":{"0":{"start":{"line":1,"column":33},"end":{"line":1,"column":60}},"1":{"start":{"line":4,"column":2},"end":{"line":4,"column":54}},"2":{"start":{"line":7,"column":2},"end":{"line":7,"column":80}}},"fnMap":{},"branchMap":{},"s":{"0":7,"1":7,"2":7},"f":{},"b":{}}
,"C:/Users/Rushikesh/Workspace/React/Sogeti/movie-app-ts/src/utils/helper.ts": {"path":"C:/Users/Rushikesh/Workspace/React/Sogeti/movie-app-ts/src/utils/helper.ts","statementMap":{"0":{"start":{"line":5,"column":27},"end":{"line":15,"column":2}},"1":{"start":{"line":6,"column":2},"end":{"line":11,"column":null}},"2":{"start":{"line":7,"column":24},"end":{"line":7,"column":null}},"3":{"start":{"line":8,"column":4},"end":{"line":10,"column":null}},"4":{"start":{"line":9,"column":6},"end":{"line":9,"column":null}},"5":{"start":{"line":12,"column":2},"end":{"line":14,"column":null}},"6":{"start":{"line":17,"column":36},"end":{"line":20,"column":2}},"7":{"start":{"line":18,"column":2},"end":{"line":18,"column":null}},"8":{"start":{"line":18,"column":12},"end":{"line":18,"column":null}},"9":{"start":{"line":19,"column":2},"end":{"line":19,"column":null}},"10":{"start":{"line":19,"column":39},"end":{"line":19,"column":null}}},"fnMap":{"0":{"name":"(anonymous_0)","decl":{"start":{"line":5,"column":27},"end":{"line":5,"column":28}},"loc":{"start":{"line":5,"column":28},"end":{"line":15,"column":2}}},"1":{"name":"(anonymous_1)","decl":{"start":{"line":17,"column":36},"end":{"line":17,"column":37}},"loc":{"start":{"line":17,"column":60},"end":{"line":20,"column":2}}},"2":{"name":"(anonymous_2)","decl":{"start":{"line":19,"column":29},"end":{"line":19,"column":30}},"loc":{"start":{"line":19,"column":39},"end":{"line":19,"column":null}}}},"branchMap":{"0":{"loc":{"start":{"line":6,"column":2},"end":{"line":11,"column":null}},"type":"if","locations":[{"start":{"line":6,"column":2},"end":{"line":11,"column":null}},{"start":{"line":6,"column":2},"end":{"line":11,"column":null}}]},"1":{"loc":{"start":{"line":8,"column":4},"end":{"line":10,"column":null}},"type":"if","locations":[{"start":{"line":8,"column":4},"end":{"line":10,"column":null}},{"start":{"line":8,"column":4},"end":{"line":10,"column":null}}]},"2":{"loc":{"start":{"line":8,"column":8},"end":{"line":8,"column":43}},"type":"binary-expr","locations":[{"start":{"line":8,"column":8},"end":{"line":8,"column":23}},{"start":{"line":8,"column":23},"end":{"line":8,"column":43}}]},"3":{"loc":{"start":{"line":13,"column":18},"end":{"line":13,"column":null}},"type":"cond-expr","locations":[{"start":{"line":13,"column":46},"end":{"line":13,"column":54}},{"start":{"line":13,"column":54},"end":{"line":13,"column":null}}]},"4":{"loc":{"start":{"line":17,"column":50},"end":{"line":17,"column":60}},"type":"default-arg","locations":[{"start":{"line":17,"column":57},"end":{"line":17,"column":60}}]},"5":{"loc":{"start":{"line":18,"column":2},"end":{"line":18,"column":null}},"type":"if","locations":[{"start":{"line":18,"column":2},"end":{"line":18,"column":null}},{"start":{"line":18,"column":2},"end":{"line":18,"column":null}}]}},"s":{"0":6,"1":3,"2":1,"3":1,"4":1,"5":2,"6":6,"7":2,"8":1,"9":1,"10":3},"f":{"0":3,"1":2,"2":3},"b":{"0":[1,2],"1":[1,0],"2":[1,1],"3":[1,1],"4":[2],"5":[1,1]}}
}
